<?xml version="1.0" encoding="UTF-8"?>
<!-- Generated by org.testng.reporters.JUnitXMLReporter -->
<testsuite hostname="SachinRoy-Asus" ignored="0" name="Default test" tests="6" failures="0" timestamp="10 May 2018 14:20:41 GMT" time="46.59" errors="0">
  <testcase name="titleTest" time="0.081" classname="com.apple.qa.Testcases.HomePageTest"/>
  <testcase name="clickAppleTest" time="0.748" classname="com.apple.qa.Testcases.HomePageTest"/>
  <testcase name="clickMacLinkTest" time="1.495" classname="com.apple.qa.Testcases.HomePageTest"/>
  <testcase name="verifyiPhoneXTextTest" time="0.064" classname="com.apple.qa.Testcases.HomePageTest"/>
  <testcase name="verifyAppleIconDisplayedTest" time="0.055" classname="com.apple.qa.Testcases.HomePageTest"/>
  <testcase name="verifyAccountDisplayedTest" time="0.09" classname="com.apple.qa.Testcases.HomePageTest"/>
</testsuite> <!-- Default test -->
