<?xml version="1.0" encoding="UTF-8"?>
<testng-results skipped="0" failed="1" ignored="0" total="8" passed="7">
  <reporter-output>
  </reporter-output>
  <suite name="Command line suite" duration-ms="102430" started-at="2018-05-11T13:43:41Z" finished-at="2018-05-11T13:45:24Z">
    <groups>
    </groups>
    <test name="Command line test" duration-ms="102430" started-at="2018-05-11T13:43:41Z" finished-at="2018-05-11T13:45:24Z">
      <class name="com.apple.qa.Testcases.MacPageTest">
        <test-method status="PASS" signature="setUp()[pri:0, instance:com.apple.qa.Testcases.MacPageTest@234bef66]" name="setUp" is-config="true" duration-ms="10399" started-at="2018-05-11T09:43:55Z" finished-at="2018-05-11T09:44:06Z">
          <reporter-output>
          </reporter-output>
        </test-method> <!-- setUp -->
        <test-method status="PASS" signature="titleTest()[pri:1, instance:com.apple.qa.Testcases.MacPageTest@234bef66]" name="titleTest" duration-ms="14" started-at="2018-05-11T09:44:06Z" finished-at="2018-05-11T09:44:06Z">
          <reporter-output>
          </reporter-output>
        </test-method> <!-- titleTest -->
        <test-method status="PASS" signature="tearDown()[pri:0, instance:com.apple.qa.Testcases.MacPageTest@234bef66]" name="tearDown" is-config="true" duration-ms="634" started-at="2018-05-11T09:44:06Z" finished-at="2018-05-11T09:44:06Z">
          <reporter-output>
          </reporter-output>
        </test-method> <!-- tearDown -->
        <test-method status="PASS" signature="setUp()[pri:0, instance:com.apple.qa.Testcases.MacPageTest@234bef66]" name="setUp" is-config="true" duration-ms="9719" started-at="2018-05-11T09:44:15Z" finished-at="2018-05-11T09:44:25Z">
          <reporter-output>
          </reporter-output>
        </test-method> <!-- setUp -->
        <test-method status="PASS" signature="macPicDisplayedTest()[pri:2, instance:com.apple.qa.Testcases.MacPageTest@234bef66]" name="macPicDisplayedTest" duration-ms="73" started-at="2018-05-11T09:44:25Z" finished-at="2018-05-11T09:44:25Z">
          <reporter-output>
          </reporter-output>
        </test-method> <!-- macPicDisplayedTest -->
        <test-method status="PASS" signature="tearDown()[pri:0, instance:com.apple.qa.Testcases.MacPageTest@234bef66]" name="tearDown" is-config="true" duration-ms="2224" started-at="2018-05-11T09:44:25Z" finished-at="2018-05-11T09:44:27Z">
          <reporter-output>
          </reporter-output>
        </test-method> <!-- tearDown -->
      </class> <!-- com.apple.qa.Testcases.MacPageTest -->
      <class name="com.apple.qa.Testcases.HomePageTest">
        <test-method status="PASS" signature="setUp()[pri:0, instance:com.apple.qa.Testcases.HomePageTest@9f70c54]" name="setUp" is-config="true" duration-ms="12931" started-at="2018-05-11T09:43:42Z" finished-at="2018-05-11T09:43:54Z">
          <reporter-output>
          </reporter-output>
        </test-method> <!-- setUp -->
        <test-method status="PASS" signature="titleTest()[pri:1, instance:com.apple.qa.Testcases.HomePageTest@9f70c54]" name="titleTest" duration-ms="87" started-at="2018-05-11T09:43:54Z" finished-at="2018-05-11T09:43:55Z">
          <reporter-output>
          </reporter-output>
        </test-method> <!-- titleTest -->
        <test-method status="PASS" signature="tearDown()[pri:0, instance:com.apple.qa.Testcases.HomePageTest@9f70c54]" name="tearDown" is-config="true" duration-ms="615" started-at="2018-05-11T09:43:55Z" finished-at="2018-05-11T09:43:55Z">
          <reporter-output>
          </reporter-output>
        </test-method> <!-- tearDown -->
        <test-method status="PASS" signature="setUp()[pri:0, instance:com.apple.qa.Testcases.HomePageTest@9f70c54]" name="setUp" is-config="true" duration-ms="7866" started-at="2018-05-11T09:44:06Z" finished-at="2018-05-11T09:44:14Z">
          <reporter-output>
          </reporter-output>
        </test-method> <!-- setUp -->
        <test-method status="PASS" signature="clickAppleTest()[pri:2, instance:com.apple.qa.Testcases.HomePageTest@9f70c54]" name="clickAppleTest" duration-ms="749" started-at="2018-05-11T09:44:14Z" finished-at="2018-05-11T09:44:15Z">
          <reporter-output>
          </reporter-output>
        </test-method> <!-- clickAppleTest -->
        <test-method status="PASS" signature="tearDown()[pri:0, instance:com.apple.qa.Testcases.HomePageTest@9f70c54]" name="tearDown" is-config="true" duration-ms="616" started-at="2018-05-11T09:44:15Z" finished-at="2018-05-11T09:44:15Z">
          <reporter-output>
          </reporter-output>
        </test-method> <!-- tearDown -->
        <test-method status="PASS" signature="setUp()[pri:0, instance:com.apple.qa.Testcases.HomePageTest@9f70c54]" name="setUp" is-config="true" duration-ms="7492" started-at="2018-05-11T09:44:27Z" finished-at="2018-05-11T09:44:35Z">
          <reporter-output>
          </reporter-output>
        </test-method> <!-- setUp -->
        <test-method status="FAIL" signature="clickMacLinkTest()[pri:3, instance:com.apple.qa.Testcases.HomePageTest@9f70c54]" name="clickMacLinkTest" duration-ms="21927" started-at="2018-05-11T09:44:35Z" finished-at="2018-05-11T09:44:57Z">
          <exception class="org.openqa.selenium.NoSuchElementException">
            <message>
              <![CDATA[no such element: Unable to locate element: {"method":"xpath","selector":"//h3[text()='Power to the pro']"}
  (Session info: chrome=66.0.3359.139)
  (Driver info: chromedriver=2.35.528161 (5b82f2d2aae0ca24b877009200ced9065a772e73),platform=Windows NT 6.1.7601 SP1 x86_64) (WARNING: The server did not provide any stacktrace information)
Command duration or timeout: 0 milliseconds
For documentation on this error, please visit: http://seleniumhq.org/exceptions/no_such_element.html
Build info: version: '3.5.3', revision: 'a88d25fe6b', time: '2017-08-29T12:42:44.417Z'
System info: host: 'SACHINROY-ASUS', ip: '192.168.1.240', os.name: 'Windows 7', os.arch: 'amd64', os.version: '6.1', java.version: '1.8.0_161'
Driver info: org.openqa.selenium.chrome.ChromeDriver
Capabilities [{mobileEmulationEnabled=false, hasTouchScreen=false, platform=XP, acceptSslCerts=false, acceptInsecureCerts=false, webStorageEnabled=true, browserName=chrome, takesScreenshot=true, javascriptEnabled=true, platformName=XP, setWindowRect=true, unexpectedAlertBehaviour=, applicationCacheEnabled=false, rotatable=false, networkConnectionEnabled=false, chrome={chromedriverVersion=2.35.528161 (5b82f2d2aae0ca24b877009200ced9065a772e73), userDataDir=C:\Users\SACHIN~1\AppData\Local\Temp\scoped_dir744_10597}, takesHeapSnapshot=true, pageLoadStrategy=normal, unhandledPromptBehavior=, databaseEnabled=false, handlesAlerts=true, version=66.0.3359.139, browserConnectionEnabled=false, nativeEvents=true, locationContextEnabled=true, cssSelectorsEnabled=true}]
Session ID: 3c775ba0bbc4ce7c9d707ce24f0dfb99
*** Element info: {Using=xpath, value=//h3[text()='Power to the pro']}]]>
            </message>
            <full-stacktrace>
              <![CDATA[org.openqa.selenium.NoSuchElementException: no such element: Unable to locate element: {"method":"xpath","selector":"//h3[text()='Power to the pro']"}
  (Session info: chrome=66.0.3359.139)
  (Driver info: chromedriver=2.35.528161 (5b82f2d2aae0ca24b877009200ced9065a772e73),platform=Windows NT 6.1.7601 SP1 x86_64) (WARNING: The server did not provide any stacktrace information)
Command duration or timeout: 0 milliseconds
For documentation on this error, please visit: http://seleniumhq.org/exceptions/no_such_element.html
Build info: version: '3.5.3', revision: 'a88d25fe6b', time: '2017-08-29T12:42:44.417Z'
System info: host: 'SACHINROY-ASUS', ip: '192.168.1.240', os.name: 'Windows 7', os.arch: 'amd64', os.version: '6.1', java.version: '1.8.0_161'
Driver info: org.openqa.selenium.chrome.ChromeDriver
Capabilities [{mobileEmulationEnabled=false, hasTouchScreen=false, platform=XP, acceptSslCerts=false, acceptInsecureCerts=false, webStorageEnabled=true, browserName=chrome, takesScreenshot=true, javascriptEnabled=true, platformName=XP, setWindowRect=true, unexpectedAlertBehaviour=, applicationCacheEnabled=false, rotatable=false, networkConnectionEnabled=false, chrome={chromedriverVersion=2.35.528161 (5b82f2d2aae0ca24b877009200ced9065a772e73), userDataDir=C:\Users\SACHIN~1\AppData\Local\Temp\scoped_dir744_10597}, takesHeapSnapshot=true, pageLoadStrategy=normal, unhandledPromptBehavior=, databaseEnabled=false, handlesAlerts=true, version=66.0.3359.139, browserConnectionEnabled=false, nativeEvents=true, locationContextEnabled=true, cssSelectorsEnabled=true}]
Session ID: 3c775ba0bbc4ce7c9d707ce24f0dfb99
*** Element info: {Using=xpath, value=//h3[text()='Power to the pro']}
	at sun.reflect.NativeConstructorAccessorImpl.newInstance0(Native Method)
	at sun.reflect.NativeConstructorAccessorImpl.newInstance(NativeConstructorAccessorImpl.java:62)
	at sun.reflect.DelegatingConstructorAccessorImpl.newInstance(DelegatingConstructorAccessorImpl.java:45)
	at java.lang.reflect.Constructor.newInstance(Constructor.java:423)
	at org.openqa.selenium.remote.ErrorHandler.createThrowable(ErrorHandler.java:215)
	at org.openqa.selenium.remote.ErrorHandler.throwIfResponseFailed(ErrorHandler.java:167)
	at org.openqa.selenium.remote.http.JsonHttpResponseCodec.reconstructValue(JsonHttpResponseCodec.java:40)
	at org.openqa.selenium.remote.http.AbstractHttpResponseCodec.decode(AbstractHttpResponseCodec.java:82)
	at org.openqa.selenium.remote.http.AbstractHttpResponseCodec.decode(AbstractHttpResponseCodec.java:45)
	at org.openqa.selenium.remote.HttpCommandExecutor.execute(HttpCommandExecutor.java:164)
	at org.openqa.selenium.remote.service.DriverCommandExecutor.execute(DriverCommandExecutor.java:82)
	at org.openqa.selenium.remote.RemoteWebDriver.execute(RemoteWebDriver.java:646)
	at org.openqa.selenium.remote.RemoteWebDriver.findElement(RemoteWebDriver.java:416)
	at org.openqa.selenium.remote.RemoteWebDriver.findElementByXPath(RemoteWebDriver.java:518)
	at org.openqa.selenium.By$ByXPath.findElement(By.java:361)
	at org.openqa.selenium.remote.RemoteWebDriver.findElement(RemoteWebDriver.java:408)
	at sun.reflect.NativeMethodAccessorImpl.invoke0(Native Method)
	at sun.reflect.NativeMethodAccessorImpl.invoke(NativeMethodAccessorImpl.java:62)
	at sun.reflect.DelegatingMethodAccessorImpl.invoke(DelegatingMethodAccessorImpl.java:43)
	at java.lang.reflect.Method.invoke(Method.java:498)
	at org.openqa.selenium.support.events.EventFiringWebDriver$2.invoke(EventFiringWebDriver.java:105)
	at com.sun.proxy.$Proxy5.findElement(Unknown Source)
	at org.openqa.selenium.support.events.EventFiringWebDriver.findElement(EventFiringWebDriver.java:189)
	at org.openqa.selenium.support.pagefactory.DefaultElementLocator.findElement(DefaultElementLocator.java:69)
	at org.openqa.selenium.support.pagefactory.internal.LocatingElementHandler.invoke(LocatingElementHandler.java:38)
	at com.sun.proxy.$Proxy9.getText(Unknown Source)
	at com.apple.qa.Pages.MacPage.powerLabel(MacPage.java:34)
	at com.apple.qa.Testcases.HomePageTest.clickMacLinkTest(HomePageTest.java:43)
	at sun.reflect.NativeMethodAccessorImpl.invoke0(Native Method)
	at sun.reflect.NativeMethodAccessorImpl.invoke(NativeMethodAccessorImpl.java:62)
	at sun.reflect.DelegatingMethodAccessorImpl.invoke(DelegatingMethodAccessorImpl.java:43)
	at java.lang.reflect.Method.invoke(Method.java:498)
	at org.testng.internal.MethodInvocationHelper.invokeMethod(MethodInvocationHelper.java:108)
	at org.testng.internal.Invoker.invokeMethod(Invoker.java:661)
	at org.testng.internal.Invoker.invokeTestMethod(Invoker.java:869)
	at org.testng.internal.Invoker.invokeTestMethods(Invoker.java:1193)
	at org.testng.internal.TestMethodWorker.invokeTestMethods(TestMethodWorker.java:126)
	at org.testng.internal.TestMethodWorker.run(TestMethodWorker.java:109)
	at org.testng.TestRunner.privateRun(TestRunner.java:744)
	at org.testng.TestRunner.run(TestRunner.java:602)
	at org.testng.SuiteRunner.runTest(SuiteRunner.java:380)
	at org.testng.SuiteRunner.runSequentially(SuiteRunner.java:375)
	at org.testng.SuiteRunner.privateRun(SuiteRunner.java:340)
	at org.testng.SuiteRunner.run(SuiteRunner.java:289)
	at org.testng.SuiteRunnerWorker.runSuite(SuiteRunnerWorker.java:52)
	at org.testng.SuiteRunnerWorker.run(SuiteRunnerWorker.java:86)
	at org.testng.TestNG.runSuitesSequentially(TestNG.java:1301)
	at org.testng.TestNG.runSuitesLocally(TestNG.java:1226)
	at org.testng.TestNG.runSuites(TestNG.java:1144)
	at org.testng.TestNG.run(TestNG.java:1115)
	at org.apache.maven.surefire.testng.TestNGExecutor.run(TestNGExecutor.java:77)
	at org.apache.maven.surefire.testng.TestNGDirectoryTestSuite.executeMulti(TestNGDirectoryTestSuite.java:159)
	at org.apache.maven.surefire.testng.TestNGDirectoryTestSuite.execute(TestNGDirectoryTestSuite.java:99)
	at org.apache.maven.surefire.testng.TestNGProvider.invoke(TestNGProvider.java:106)
	at sun.reflect.NativeMethodAccessorImpl.invoke0(Native Method)
	at sun.reflect.NativeMethodAccessorImpl.invoke(NativeMethodAccessorImpl.java:62)
	at sun.reflect.DelegatingMethodAccessorImpl.invoke(DelegatingMethodAccessorImpl.java:43)
	at java.lang.reflect.Method.invoke(Method.java:498)
	at org.apache.maven.surefire.util.ReflectionUtils.invokeMethodWithArray(ReflectionUtils.java:189)
	at org.apache.maven.surefire.booter.ProviderFactory$ProviderProxy.invoke(ProviderFactory.java:165)
	at org.apache.maven.surefire.booter.ProviderFactory.invokeProvider(ProviderFactory.java:85)
	at org.apache.maven.surefire.booter.ForkedBooter.runSuitesInProcess(ForkedBooter.java:115)
	at org.apache.maven.surefire.booter.ForkedBooter.main(ForkedBooter.java:75)
]]>
            </full-stacktrace>
          </exception> <!-- org.openqa.selenium.NoSuchElementException -->
          <reporter-output>
          </reporter-output>
        </test-method> <!-- clickMacLinkTest -->
        <test-method status="PASS" signature="tearDown()[pri:0, instance:com.apple.qa.Testcases.HomePageTest@9f70c54]" name="tearDown" is-config="true" duration-ms="788" started-at="2018-05-11T09:44:57Z" finished-at="2018-05-11T09:44:58Z">
          <reporter-output>
          </reporter-output>
        </test-method> <!-- tearDown -->
        <test-method status="PASS" signature="setUp()[pri:0, instance:com.apple.qa.Testcases.HomePageTest@9f70c54]" name="setUp" is-config="true" duration-ms="8014" started-at="2018-05-11T09:44:58Z" finished-at="2018-05-11T09:45:06Z">
          <reporter-output>
          </reporter-output>
        </test-method> <!-- setUp -->
        <test-method status="PASS" signature="verifyiPhoneXTextTest()[pri:4, instance:com.apple.qa.Testcases.HomePageTest@9f70c54]" name="verifyiPhoneXTextTest" duration-ms="64" started-at="2018-05-11T09:45:06Z" finished-at="2018-05-11T09:45:06Z">
          <reporter-output>
          </reporter-output>
        </test-method> <!-- verifyiPhoneXTextTest -->
        <test-method status="PASS" signature="tearDown()[pri:0, instance:com.apple.qa.Testcases.HomePageTest@9f70c54]" name="tearDown" is-config="true" duration-ms="604" started-at="2018-05-11T09:45:06Z" finished-at="2018-05-11T09:45:06Z">
          <reporter-output>
          </reporter-output>
        </test-method> <!-- tearDown -->
        <test-method status="PASS" signature="setUp()[pri:0, instance:com.apple.qa.Testcases.HomePageTest@9f70c54]" name="setUp" is-config="true" duration-ms="7514" started-at="2018-05-11T09:45:06Z" finished-at="2018-05-11T09:45:14Z">
          <reporter-output>
          </reporter-output>
        </test-method> <!-- setUp -->
        <test-method status="PASS" signature="verifyAppleIconDisplayedTest()[pri:5, instance:com.apple.qa.Testcases.HomePageTest@9f70c54]" name="verifyAppleIconDisplayedTest" duration-ms="59" started-at="2018-05-11T09:45:14Z" finished-at="2018-05-11T09:45:14Z">
          <reporter-output>
          </reporter-output>
        </test-method> <!-- verifyAppleIconDisplayedTest -->
        <test-method status="PASS" signature="tearDown()[pri:0, instance:com.apple.qa.Testcases.HomePageTest@9f70c54]" name="tearDown" is-config="true" duration-ms="612" started-at="2018-05-11T09:45:14Z" finished-at="2018-05-11T09:45:15Z">
          <reporter-output>
          </reporter-output>
        </test-method> <!-- tearDown -->
        <test-method status="PASS" signature="setUp()[pri:0, instance:com.apple.qa.Testcases.HomePageTest@9f70c54]" name="setUp" is-config="true" duration-ms="8678" started-at="2018-05-11T09:45:15Z" finished-at="2018-05-11T09:45:23Z">
          <reporter-output>
          </reporter-output>
        </test-method> <!-- setUp -->
        <test-method status="PASS" signature="verifyAccountDisplayedTest()[pri:6, instance:com.apple.qa.Testcases.HomePageTest@9f70c54]" name="verifyAccountDisplayedTest" duration-ms="59" started-at="2018-05-11T09:45:23Z" finished-at="2018-05-11T09:45:23Z">
          <reporter-output>
          </reporter-output>
        </test-method> <!-- verifyAccountDisplayedTest -->
        <test-method status="PASS" signature="tearDown()[pri:0, instance:com.apple.qa.Testcases.HomePageTest@9f70c54]" name="tearDown" is-config="true" duration-ms="630" started-at="2018-05-11T09:45:23Z" finished-at="2018-05-11T09:45:24Z">
          <reporter-output>
          </reporter-output>
        </test-method> <!-- tearDown -->
      </class> <!-- com.apple.qa.Testcases.HomePageTest -->
    </test> <!-- Command line test -->
  </suite> <!-- Command line suite -->
</testng-results>
