<?xml version="1.0" encoding="UTF-8"?>
<testng-results skipped="0" failed="1" ignored="0" total="8" passed="7">
  <reporter-output>
  </reporter-output>
  <suite name="Suite" duration-ms="105703" started-at="2018-05-11T02:18:12Z" finished-at="2018-05-11T02:19:58Z">
    <groups>
    </groups>
    <test name="Test" duration-ms="105703" started-at="2018-05-11T02:18:12Z" finished-at="2018-05-11T02:19:58Z">
      <class name="com.apple.qa.Testcases.MacPageTest">
        <test-method status="PASS" signature="setUp()[pri:0, instance:com.apple.qa.Testcases.MacPageTest@589838eb]" name="setUp" is-config="true" duration-ms="7076" started-at="2018-05-10T22:18:22Z" finished-at="2018-05-10T22:18:29Z">
          <reporter-output>
          </reporter-output>
        </test-method> <!-- setUp -->
        <test-method status="PASS" signature="titleTest()[pri:1, instance:com.apple.qa.Testcases.MacPageTest@589838eb]" name="titleTest" duration-ms="10" started-at="2018-05-10T22:18:29Z" finished-at="2018-05-10T22:18:29Z">
          <reporter-output>
          </reporter-output>
        </test-method> <!-- titleTest -->
        <test-method status="PASS" signature="tearDown()[pri:0, instance:com.apple.qa.Testcases.MacPageTest@589838eb]" name="tearDown" is-config="true" duration-ms="3441" started-at="2018-05-10T22:18:29Z" finished-at="2018-05-10T22:18:32Z">
          <reporter-output>
          </reporter-output>
        </test-method> <!-- tearDown -->
        <test-method status="PASS" signature="setUp()[pri:0, instance:com.apple.qa.Testcases.MacPageTest@589838eb]" name="setUp" is-config="true" duration-ms="8250" started-at="2018-05-10T22:18:44Z" finished-at="2018-05-10T22:18:53Z">
          <reporter-output>
          </reporter-output>
        </test-method> <!-- setUp -->
        <test-method status="PASS" signature="macPicDisplayedTest()[pri:2, instance:com.apple.qa.Testcases.MacPageTest@589838eb]" name="macPicDisplayedTest" duration-ms="49" started-at="2018-05-10T22:18:53Z" finished-at="2018-05-10T22:18:53Z">
          <reporter-output>
          </reporter-output>
        </test-method> <!-- macPicDisplayedTest -->
        <test-method status="PASS" signature="tearDown()[pri:0, instance:com.apple.qa.Testcases.MacPageTest@589838eb]" name="tearDown" is-config="true" duration-ms="688" started-at="2018-05-10T22:18:53Z" finished-at="2018-05-10T22:18:53Z">
          <reporter-output>
          </reporter-output>
        </test-method> <!-- tearDown -->
      </class> <!-- com.apple.qa.Testcases.MacPageTest -->
      <class name="com.apple.qa.Testcases.HomePageTest">
        <test-method status="PASS" signature="setUp()[pri:0, instance:com.apple.qa.Testcases.HomePageTest@271053e1]" name="setUp" is-config="true" duration-ms="7934" started-at="2018-05-10T22:18:12Z" finished-at="2018-05-10T22:18:20Z">
          <reporter-output>
          </reporter-output>
        </test-method> <!-- setUp -->
        <test-method status="PASS" signature="titleTest()[pri:1, instance:com.apple.qa.Testcases.HomePageTest@271053e1]" name="titleTest" duration-ms="20" started-at="2018-05-10T22:18:20Z" finished-at="2018-05-10T22:18:20Z">
          <reporter-output>
          </reporter-output>
        </test-method> <!-- titleTest -->
        <test-method status="PASS" signature="tearDown()[pri:0, instance:com.apple.qa.Testcases.HomePageTest@271053e1]" name="tearDown" is-config="true" duration-ms="1667" started-at="2018-05-10T22:18:20Z" finished-at="2018-05-10T22:18:22Z">
          <reporter-output>
          </reporter-output>
        </test-method> <!-- tearDown -->
        <test-method status="PASS" signature="setUp()[pri:0, instance:com.apple.qa.Testcases.HomePageTest@271053e1]" name="setUp" is-config="true" duration-ms="6412" started-at="2018-05-10T22:18:32Z" finished-at="2018-05-10T22:18:39Z">
          <reporter-output>
          </reporter-output>
        </test-method> <!-- setUp -->
        <test-method status="PASS" signature="clickAppleTest()[pri:2, instance:com.apple.qa.Testcases.HomePageTest@271053e1]" name="clickAppleTest" duration-ms="613" started-at="2018-05-10T22:18:39Z" finished-at="2018-05-10T22:18:39Z">
          <reporter-output>
          </reporter-output>
        </test-method> <!-- clickAppleTest -->
        <test-method status="PASS" signature="tearDown()[pri:0, instance:com.apple.qa.Testcases.HomePageTest@271053e1]" name="tearDown" is-config="true" duration-ms="4962" started-at="2018-05-10T22:18:39Z" finished-at="2018-05-10T22:18:44Z">
          <reporter-output>
          </reporter-output>
        </test-method> <!-- tearDown -->
        <test-method status="PASS" signature="setUp()[pri:0, instance:com.apple.qa.Testcases.HomePageTest@271053e1]" name="setUp" is-config="true" duration-ms="7566" started-at="2018-05-10T22:18:53Z" finished-at="2018-05-10T22:19:01Z">
          <reporter-output>
          </reporter-output>
        </test-method> <!-- setUp -->
        <test-method status="FAIL" signature="clickMacLinkTest()[pri:3, instance:com.apple.qa.Testcases.HomePageTest@271053e1]" name="clickMacLinkTest" duration-ms="21769" started-at="2018-05-10T22:19:01Z" finished-at="2018-05-10T22:19:23Z">
          <exception class="org.openqa.selenium.NoSuchElementException">
            <message>
              <![CDATA[no such element: Unable to locate element: {"method":"xpath","selector":"//h3[text()='Power to the pro']"}
  (Session info: chrome=66.0.3359.139)
  (Driver info: chromedriver=2.35.528161 (5b82f2d2aae0ca24b877009200ced9065a772e73),platform=Windows NT 6.1.7601 SP1 x86_64) (WARNING: The server did not provide any stacktrace information)
Command duration or timeout: 0 milliseconds
For documentation on this error, please visit: http://seleniumhq.org/exceptions/no_such_element.html
Build info: version: '3.5.3', revision: 'a88d25fe6b', time: '2017-08-29T12:42:44.417Z'
System info: host: 'SACHINROY-ASUS', ip: '192.168.1.240', os.name: 'Windows 7', os.arch: 'amd64', os.version: '6.1', java.version: '1.8.0_161'
Driver info: org.openqa.selenium.chrome.ChromeDriver
Capabilities [{mobileEmulationEnabled=false, hasTouchScreen=false, platform=XP, acceptSslCerts=false, acceptInsecureCerts=false, webStorageEnabled=true, browserName=chrome, takesScreenshot=true, javascriptEnabled=true, platformName=XP, setWindowRect=true, unexpectedAlertBehaviour=, applicationCacheEnabled=false, rotatable=false, networkConnectionEnabled=false, chrome={chromedriverVersion=2.35.528161 (5b82f2d2aae0ca24b877009200ced9065a772e73), userDataDir=C:\Users\SACHIN~1\AppData\Local\Temp\scoped_dir4196_15604}, takesHeapSnapshot=true, pageLoadStrategy=normal, unhandledPromptBehavior=, databaseEnabled=false, handlesAlerts=true, version=66.0.3359.139, browserConnectionEnabled=false, nativeEvents=true, locationContextEnabled=true, cssSelectorsEnabled=true}]
Session ID: d7344e45a42e690ba5c742fcea8f792f
*** Element info: {Using=xpath, value=//h3[text()='Power to the pro']}]]>
            </message>
            <full-stacktrace>
              <![CDATA[org.openqa.selenium.NoSuchElementException: no such element: Unable to locate element: {"method":"xpath","selector":"//h3[text()='Power to the pro']"}
  (Session info: chrome=66.0.3359.139)
  (Driver info: chromedriver=2.35.528161 (5b82f2d2aae0ca24b877009200ced9065a772e73),platform=Windows NT 6.1.7601 SP1 x86_64) (WARNING: The server did not provide any stacktrace information)
Command duration or timeout: 0 milliseconds
For documentation on this error, please visit: http://seleniumhq.org/exceptions/no_such_element.html
Build info: version: '3.5.3', revision: 'a88d25fe6b', time: '2017-08-29T12:42:44.417Z'
System info: host: 'SACHINROY-ASUS', ip: '192.168.1.240', os.name: 'Windows 7', os.arch: 'amd64', os.version: '6.1', java.version: '1.8.0_161'
Driver info: org.openqa.selenium.chrome.ChromeDriver
Capabilities [{mobileEmulationEnabled=false, hasTouchScreen=false, platform=XP, acceptSslCerts=false, acceptInsecureCerts=false, webStorageEnabled=true, browserName=chrome, takesScreenshot=true, javascriptEnabled=true, platformName=XP, setWindowRect=true, unexpectedAlertBehaviour=, applicationCacheEnabled=false, rotatable=false, networkConnectionEnabled=false, chrome={chromedriverVersion=2.35.528161 (5b82f2d2aae0ca24b877009200ced9065a772e73), userDataDir=C:\Users\SACHIN~1\AppData\Local\Temp\scoped_dir4196_15604}, takesHeapSnapshot=true, pageLoadStrategy=normal, unhandledPromptBehavior=, databaseEnabled=false, handlesAlerts=true, version=66.0.3359.139, browserConnectionEnabled=false, nativeEvents=true, locationContextEnabled=true, cssSelectorsEnabled=true}]
Session ID: d7344e45a42e690ba5c742fcea8f792f
*** Element info: {Using=xpath, value=//h3[text()='Power to the pro']}
	at sun.reflect.NativeConstructorAccessorImpl.newInstance0(Native Method)
	at sun.reflect.NativeConstructorAccessorImpl.newInstance(Unknown Source)
	at sun.reflect.DelegatingConstructorAccessorImpl.newInstance(Unknown Source)
	at java.lang.reflect.Constructor.newInstance(Unknown Source)
	at org.openqa.selenium.remote.ErrorHandler.createThrowable(ErrorHandler.java:215)
	at org.openqa.selenium.remote.ErrorHandler.throwIfResponseFailed(ErrorHandler.java:167)
	at org.openqa.selenium.remote.http.JsonHttpResponseCodec.reconstructValue(JsonHttpResponseCodec.java:40)
	at org.openqa.selenium.remote.http.AbstractHttpResponseCodec.decode(AbstractHttpResponseCodec.java:82)
	at org.openqa.selenium.remote.http.AbstractHttpResponseCodec.decode(AbstractHttpResponseCodec.java:45)
	at org.openqa.selenium.remote.HttpCommandExecutor.execute(HttpCommandExecutor.java:164)
	at org.openqa.selenium.remote.service.DriverCommandExecutor.execute(DriverCommandExecutor.java:82)
	at org.openqa.selenium.remote.RemoteWebDriver.execute(RemoteWebDriver.java:646)
	at org.openqa.selenium.remote.RemoteWebDriver.findElement(RemoteWebDriver.java:416)
	at org.openqa.selenium.remote.RemoteWebDriver.findElementByXPath(RemoteWebDriver.java:518)
	at org.openqa.selenium.By$ByXPath.findElement(By.java:361)
	at org.openqa.selenium.remote.RemoteWebDriver.findElement(RemoteWebDriver.java:408)
	at sun.reflect.NativeMethodAccessorImpl.invoke0(Native Method)
	at sun.reflect.NativeMethodAccessorImpl.invoke(Unknown Source)
	at sun.reflect.DelegatingMethodAccessorImpl.invoke(Unknown Source)
	at java.lang.reflect.Method.invoke(Unknown Source)
	at org.openqa.selenium.support.events.EventFiringWebDriver$2.invoke(EventFiringWebDriver.java:105)
	at com.sun.proxy.$Proxy7.findElement(Unknown Source)
	at org.openqa.selenium.support.events.EventFiringWebDriver.findElement(EventFiringWebDriver.java:189)
	at org.openqa.selenium.support.pagefactory.DefaultElementLocator.findElement(DefaultElementLocator.java:69)
	at org.openqa.selenium.support.pagefactory.internal.LocatingElementHandler.invoke(LocatingElementHandler.java:38)
	at com.sun.proxy.$Proxy11.getText(Unknown Source)
	at com.apple.qa.Pages.MacPage.powerLabel(MacPage.java:34)
	at com.apple.qa.Testcases.HomePageTest.clickMacLinkTest(HomePageTest.java:43)
	at sun.reflect.NativeMethodAccessorImpl.invoke0(Native Method)
	at sun.reflect.NativeMethodAccessorImpl.invoke(Unknown Source)
	at sun.reflect.DelegatingMethodAccessorImpl.invoke(Unknown Source)
	at java.lang.reflect.Method.invoke(Unknown Source)
	at org.testng.internal.MethodInvocationHelper.invokeMethod(MethodInvocationHelper.java:108)
	at org.testng.internal.Invoker.invokeMethod(Invoker.java:661)
	at org.testng.internal.Invoker.invokeTestMethod(Invoker.java:869)
	at org.testng.internal.Invoker.invokeTestMethods(Invoker.java:1193)
	at org.testng.internal.TestMethodWorker.invokeTestMethods(TestMethodWorker.java:126)
	at org.testng.internal.TestMethodWorker.run(TestMethodWorker.java:109)
	at org.testng.TestRunner.privateRun(TestRunner.java:744)
	at org.testng.TestRunner.run(TestRunner.java:602)
	at org.testng.SuiteRunner.runTest(SuiteRunner.java:380)
	at org.testng.SuiteRunner.runSequentially(SuiteRunner.java:375)
	at org.testng.SuiteRunner.privateRun(SuiteRunner.java:340)
	at org.testng.SuiteRunner.run(SuiteRunner.java:289)
	at org.testng.SuiteRunnerWorker.runSuite(SuiteRunnerWorker.java:52)
	at org.testng.SuiteRunnerWorker.run(SuiteRunnerWorker.java:86)
	at org.testng.TestNG.runSuitesSequentially(TestNG.java:1301)
	at org.testng.TestNG.runSuitesLocally(TestNG.java:1226)
	at org.testng.TestNG.runSuites(TestNG.java:1144)
	at org.testng.TestNG.run(TestNG.java:1115)
	at org.testng.remote.AbstractRemoteTestNG.run(AbstractRemoteTestNG.java:114)
	at org.testng.remote.RemoteTestNG.initAndRun(RemoteTestNG.java:251)
	at org.testng.remote.RemoteTestNG.main(RemoteTestNG.java:77)
]]>
            </full-stacktrace>
          </exception> <!-- org.openqa.selenium.NoSuchElementException -->
          <reporter-output>
          </reporter-output>
        </test-method> <!-- clickMacLinkTest -->
        <test-method status="PASS" signature="tearDown()[pri:0, instance:com.apple.qa.Testcases.HomePageTest@271053e1]" name="tearDown" is-config="true" duration-ms="835" started-at="2018-05-10T22:19:23Z" finished-at="2018-05-10T22:19:24Z">
          <reporter-output>
          </reporter-output>
        </test-method> <!-- tearDown -->
        <test-method status="PASS" signature="setUp()[pri:0, instance:com.apple.qa.Testcases.HomePageTest@271053e1]" name="setUp" is-config="true" duration-ms="7712" started-at="2018-05-10T22:19:24Z" finished-at="2018-05-10T22:19:31Z">
          <reporter-output>
          </reporter-output>
        </test-method> <!-- setUp -->
        <test-method status="PASS" signature="verifyiPhoneXTextTest()[pri:4, instance:com.apple.qa.Testcases.HomePageTest@271053e1]" name="verifyiPhoneXTextTest" duration-ms="56" started-at="2018-05-10T22:19:31Z" finished-at="2018-05-10T22:19:31Z">
          <reporter-output>
          </reporter-output>
        </test-method> <!-- verifyiPhoneXTextTest -->
        <test-method status="PASS" signature="tearDown()[pri:0, instance:com.apple.qa.Testcases.HomePageTest@271053e1]" name="tearDown" is-config="true" duration-ms="4053" started-at="2018-05-10T22:19:31Z" finished-at="2018-05-10T22:19:35Z">
          <reporter-output>
          </reporter-output>
        </test-method> <!-- tearDown -->
        <test-method status="PASS" signature="setUp()[pri:0, instance:com.apple.qa.Testcases.HomePageTest@271053e1]" name="setUp" is-config="true" duration-ms="6762" started-at="2018-05-10T22:19:35Z" finished-at="2018-05-10T22:19:42Z">
          <reporter-output>
          </reporter-output>
        </test-method> <!-- setUp -->
        <test-method status="PASS" signature="verifyAppleIconDisplayedTest()[pri:5, instance:com.apple.qa.Testcases.HomePageTest@271053e1]" name="verifyAppleIconDisplayedTest" duration-ms="68" started-at="2018-05-10T22:19:42Z" finished-at="2018-05-10T22:19:42Z">
          <reporter-output>
          </reporter-output>
        </test-method> <!-- verifyAppleIconDisplayedTest -->
        <test-method status="PASS" signature="tearDown()[pri:0, instance:com.apple.qa.Testcases.HomePageTest@271053e1]" name="tearDown" is-config="true" duration-ms="5180" started-at="2018-05-10T22:19:42Z" finished-at="2018-05-10T22:19:47Z">
          <reporter-output>
          </reporter-output>
        </test-method> <!-- tearDown -->
        <test-method status="PASS" signature="setUp()[pri:0, instance:com.apple.qa.Testcases.HomePageTest@271053e1]" name="setUp" is-config="true" duration-ms="7567" started-at="2018-05-10T22:19:47Z" finished-at="2018-05-10T22:19:55Z">
          <reporter-output>
          </reporter-output>
        </test-method> <!-- setUp -->
        <test-method status="PASS" signature="verifyAccountDisplayedTest()[pri:6, instance:com.apple.qa.Testcases.HomePageTest@271053e1]" name="verifyAccountDisplayedTest" duration-ms="82" started-at="2018-05-10T22:19:55Z" finished-at="2018-05-10T22:19:55Z">
          <reporter-output>
          </reporter-output>
        </test-method> <!-- verifyAccountDisplayedTest -->
        <test-method status="PASS" signature="tearDown()[pri:0, instance:com.apple.qa.Testcases.HomePageTest@271053e1]" name="tearDown" is-config="true" duration-ms="2855" started-at="2018-05-10T22:19:55Z" finished-at="2018-05-10T22:19:58Z">
          <reporter-output>
          </reporter-output>
        </test-method> <!-- tearDown -->
      </class> <!-- com.apple.qa.Testcases.HomePageTest -->
    </test> <!-- Test -->
  </suite> <!-- Suite -->
</testng-results>
